<?xml version="1.0" encoding="UTF-8"?>
<!-- Generated by org.testng.reporters.JUnitReportReporter -->
<testsuite skipped="0" hostname="DESKTOP-3ROKAB7" name="com.TestRunnnner.TestRunnnnnnr" tests="2" failures="0" timestamp="2022-01-19T21:21:20 CST" time="25.463" errors="0">
  <testcase name="feature" time="13.428" classname="com.TestRunnnner.TestRunnnnnnr"/>
  <system-out/>
  <testcase name="feature" time="12.035" classname="com.TestRunnnner.TestRunnnnnnr"/>
  <system-out/>
</testsuite> <!-- com.TestRunnnner.TestRunnnnnnr -->
