<?xml version="1.0" encoding="UTF-8"?>
<!-- Generated by org.testng.reporters.JUnitReportReporter -->
<testsuite skipped="0" hostname="DESKTOP-3ROKAB7" name="com.TestRunnnner.TestRunnnnnnr" tests="2" failures="0" timestamp="2021-12-05T13:18:26 CST" time="23.570" errors="0">
  <testcase name="feature" time="11.977" classname="com.TestRunnnner.TestRunnnnnnr"/>
  <system-out/>
  <testcase name="feature" time="11.593" classname="com.TestRunnnner.TestRunnnnnnr"/>
  <system-out/>
</testsuite> <!-- com.TestRunnnner.TestRunnnnnnr -->
